{"D:\\OneDrive\\frontend\\packages\\aviasales\\src\\actions\\appearance.js": {"path":"D:\\OneDrive\\frontend\\packages\\aviasales\\src\\actions\\appearance.js","statementMap":{"0":{"start":{"line":3,"column":27},"end":{"line":8,"column":1}},"1":{"start":{"line":4,"column":2},"end":{"line":7,"column":4}},"2":{"start":{"line":10,"column":24},"end":{"line":15,"column":1}},"3":{"start":{"line":11,"column":2},"end":{"line":14,"column":4}}},"fnMap":{"0":{"name":"(anonymous_0)","decl":{"start":{"line":3,"column":27},"end":{"line":3,"column":28}},"loc":{"start":{"line":3,"column":38},"end":{"line":8,"column":1}},"line":3},"1":{"name":"(anonymous_1)","decl":{"start":{"line":10,"column":24},"end":{"line":10,"column":25}},"loc":{"start":{"line":10,"column":35},"end":{"line":15,"column":1}},"line":10}},"branchMap":{},"s":{"0":4,"1":5,"2":4,"3":2},"f":{"0":5,"1":2},"b":{},"_coverageSchema":"1a1c01bbd47fc00a2c39e90264f33305004495a9","hash":"23754eee60e1357db55f7c7d6f61a0275c5015ab"}
,"D:\\OneDrive\\frontend\\packages\\aviasales\\src\\actions\\filters.js": {"path":"D:\\OneDrive\\frontend\\packages\\aviasales\\src\\actions\\filters.js","statementMap":{"0":{"start":{"line":3,"column":25},"end":{"line":8,"column":1}},"1":{"start":{"line":4,"column":2},"end":{"line":7,"column":4}}},"fnMap":{"0":{"name":"(anonymous_0)","decl":{"start":{"line":3,"column":25},"end":{"line":3,"column":26}},"loc":{"start":{"line":3,"column":37},"end":{"line":8,"column":1}},"line":3}},"branchMap":{},"s":{"0":4,"1":1},"f":{"0":1},"b":{},"_coverageSchema":"1a1c01bbd47fc00a2c39e90264f33305004495a9","hash":"64a158e9c908e11829c0c3eb19e589c4a72c0e97"}
,"D:\\OneDrive\\frontend\\packages\\aviasales\\src\\actions\\index.js": {"path":"D:\\OneDrive\\frontend\\packages\\aviasales\\src\\actions\\index.js","statementMap":{},"fnMap":{},"branchMap":{},"s":{},"f":{},"b":{},"_coverageSchema":"1a1c01bbd47fc00a2c39e90264f33305004495a9","hash":"728bdbf5e0fc4e4b5091dc27ef9761e09439f1e7"}
,"D:\\OneDrive\\frontend\\packages\\aviasales\\src\\actions\\sorting.js": {"path":"D:\\OneDrive\\frontend\\packages\\aviasales\\src\\actions\\sorting.js","statementMap":{"0":{"start":{"line":3,"column":26},"end":{"line":8,"column":1}},"1":{"start":{"line":4,"column":2},"end":{"line":7,"column":4}}},"fnMap":{"0":{"name":"(anonymous_0)","decl":{"start":{"line":3,"column":26},"end":{"line":3,"column":27}},"loc":{"start":{"line":3,"column":39},"end":{"line":8,"column":1}},"line":3}},"branchMap":{},"s":{"0":4,"1":1},"f":{"0":1},"b":{},"_coverageSchema":"1a1c01bbd47fc00a2c39e90264f33305004495a9","hash":"ff20bd350c25e49909b9fd671f4580b783586466"}
,"D:\\OneDrive\\frontend\\packages\\aviasales\\src\\actions\\tickets.js": {"path":"D:\\OneDrive\\frontend\\packages\\aviasales\\src\\actions\\tickets.js","statementMap":{"0":{"start":{"line":5,"column":20},"end":{"line":10,"column":1}},"1":{"start":{"line":6,"column":2},"end":{"line":9,"column":4}},"2":{"start":{"line":12,"column":28},"end":{"line":36,"column":1}},"3":{"start":{"line":12,"column":34},"end":{"line":36,"column":1}},"4":{"start":{"line":13,"column":2},"end":{"line":13,"column":41}},"5":{"start":{"line":15,"column":20},"end":{"line":15,"column":35}},"6":{"start":{"line":16,"column":17},"end":{"line":16,"column":19}},"7":{"start":{"line":18,"column":28},"end":{"line":26,"column":3}},"8":{"start":{"line":19,"column":4},"end":{"line":25,"column":5}},"9":{"start":{"line":20,"column":23},"end":{"line":20,"column":59}},"10":{"start":{"line":21,"column":6},"end":{"line":21,"column":46}},"11":{"start":{"line":22,"column":6},"end":{"line":22,"column":52}},"12":{"start":{"line":22,"column":26},"end":{"line":22,"column":52}},"13":{"start":{"line":24,"column":6},"end":{"line":24,"column":32}},"14":{"start":{"line":28,"column":2},"end":{"line":35,"column":3}},"15":{"start":{"line":29,"column":4},"end":{"line":29,"column":45}},"16":{"start":{"line":30,"column":4},"end":{"line":30,"column":30}},"17":{"start":{"line":32,"column":4},"end":{"line":32,"column":40}},"18":{"start":{"line":34,"column":4},"end":{"line":34,"column":44}}},"fnMap":{"0":{"name":"(anonymous_0)","decl":{"start":{"line":5,"column":20},"end":{"line":5,"column":21}},"loc":{"start":{"line":5,"column":33},"end":{"line":10,"column":1}},"line":5},"1":{"name":"(anonymous_1)","decl":{"start":{"line":12,"column":28},"end":{"line":12,"column":29}},"loc":{"start":{"line":12,"column":34},"end":{"line":36,"column":1}},"line":12},"2":{"name":"(anonymous_2)","decl":{"start":{"line":12,"column":34},"end":{"line":12,"column":35}},"loc":{"start":{"line":12,"column":54},"end":{"line":36,"column":1}},"line":12},"3":{"name":"(anonymous_3)","decl":{"start":{"line":18,"column":28},"end":{"line":18,"column":29}},"loc":{"start":{"line":18,"column":40},"end":{"line":26,"column":3}},"line":18}},"branchMap":{"0":{"loc":{"start":{"line":22,"column":6},"end":{"line":22,"column":52}},"type":"if","locations":[{"start":{"line":22,"column":6},"end":{"line":22,"column":52}},{"start":{"line":22,"column":6},"end":{"line":22,"column":52}}],"line":22}},"s":{"0":3,"1":1,"2":3,"3":2,"4":2,"5":2,"6":2,"7":2,"8":1,"9":1,"10":1,"11":1,"12":0,"13":0,"14":2,"15":2,"16":1,"17":1,"18":2},"f":{"0":1,"1":2,"2":2,"3":1},"b":{"0":[0,1]},"_coverageSchema":"1a1c01bbd47fc00a2c39e90264f33305004495a9","hash":"034dc3432f6831613bb884f361085c4d2e0cc8de"}
,"D:\\OneDrive\\frontend\\packages\\aviasales\\src\\components\\Filters\\index.js": {"path":"D:\\OneDrive\\frontend\\packages\\aviasales\\src\\components\\Filters\\index.js","statementMap":{"0":{"start":{"line":10,"column":23},"end":{"line":42,"column":1}},"1":{"start":{"line":11,"column":26},"end":{"line":13,"column":3}},"2":{"start":{"line":12,"column":4},"end":{"line":12,"column":93}},"3":{"start":{"line":15,"column":25},"end":{"line":17,"column":3}},"4":{"start":{"line":16,"column":4},"end":{"line":16,"column":34}},"5":{"start":{"line":19,"column":2},"end":{"line":41,"column":4}},"6":{"start":{"line":25,"column":12},"end":{"line":37,"column":17}},"7":{"start":{"line":44,"column":24},"end":{"line":48,"column":1}},"8":{"start":{"line":45,"column":2},"end":{"line":47,"column":4}},"9":{"start":{"line":50,"column":27},"end":{"line":54,"column":1}},"10":{"start":{"line":51,"column":2},"end":{"line":53,"column":4}},"11":{"start":{"line":56,"column":0},"end":{"line":59,"column":2}}},"fnMap":{"0":{"name":"(anonymous_0)","decl":{"start":{"line":10,"column":23},"end":{"line":10,"column":24}},"loc":{"start":{"line":10,"column":58},"end":{"line":42,"column":1}},"line":10},"1":{"name":"(anonymous_1)","decl":{"start":{"line":11,"column":26},"end":{"line":11,"column":27}},"loc":{"start":{"line":11,"column":38},"end":{"line":13,"column":3}},"line":11},"2":{"name":"(anonymous_2)","decl":{"start":{"line":15,"column":25},"end":{"line":15,"column":26}},"loc":{"start":{"line":15,"column":36},"end":{"line":17,"column":3}},"line":15},"3":{"name":"(anonymous_3)","decl":{"start":{"line":24,"column":37},"end":{"line":24,"column":38}},"loc":{"start":{"line":25,"column":12},"end":{"line":37,"column":17}},"line":25},"4":{"name":"(anonymous_4)","decl":{"start":{"line":44,"column":24},"end":{"line":44,"column":25}},"loc":{"start":{"line":44,"column":35},"end":{"line":48,"column":1}},"line":44},"5":{"name":"(anonymous_5)","decl":{"start":{"line":50,"column":27},"end":{"line":50,"column":28}},"loc":{"start":{"line":50,"column":41},"end":{"line":54,"column":1}},"line":50}},"branchMap":{"0":{"loc":{"start":{"line":12,"column":11},"end":{"line":12,"column":92}},"type":"binary-expr","locations":[{"start":{"line":12,"column":11},"end":{"line":12,"column":52}},{"start":{"line":12,"column":56},"end":{"line":12,"column":92}}],"line":12}},"s":{"0":1,"1":1,"2":5,"3":1,"4":0,"5":1,"6":5,"7":1,"8":0,"9":1,"10":0,"11":1},"f":{"0":1,"1":5,"2":0,"3":5,"4":0,"5":0},"b":{"0":[5,0]},"_coverageSchema":"1a1c01bbd47fc00a2c39e90264f33305004495a9","hash":"8317645f07afc2c2033295c93b409fd16a1a119a"}
,"D:\\OneDrive\\frontend\\packages\\aviasales\\src\\components\\Sorting\\index.js": {"path":"D:\\OneDrive\\frontend\\packages\\aviasales\\src\\components\\Sorting\\index.js","statementMap":{"0":{"start":{"line":10,"column":23},"end":{"line":32,"column":1}},"1":{"start":{"line":11,"column":26},"end":{"line":13,"column":3}},"2":{"start":{"line":12,"column":4},"end":{"line":12,"column":32}},"3":{"start":{"line":15,"column":2},"end":{"line":31,"column":4}},"4":{"start":{"line":19,"column":26},"end":{"line":19,"column":41}},"5":{"start":{"line":20,"column":10},"end":{"line":20,"column":76}},"6":{"start":{"line":20,"column":50},"end":{"line":20,"column":76}},"7":{"start":{"line":21,"column":10},"end":{"line":27,"column":19}},"8":{"start":{"line":34,"column":24},"end":{"line":38,"column":1}},"9":{"start":{"line":35,"column":2},"end":{"line":37,"column":4}},"10":{"start":{"line":40,"column":27},"end":{"line":44,"column":1}},"11":{"start":{"line":41,"column":2},"end":{"line":43,"column":4}},"12":{"start":{"line":46,"column":0},"end":{"line":49,"column":2}}},"fnMap":{"0":{"name":"(anonymous_0)","decl":{"start":{"line":10,"column":23},"end":{"line":10,"column":24}},"loc":{"start":{"line":10,"column":59},"end":{"line":32,"column":1}},"line":10},"1":{"name":"(anonymous_1)","decl":{"start":{"line":11,"column":26},"end":{"line":11,"column":27}},"loc":{"start":{"line":11,"column":37},"end":{"line":13,"column":3}},"line":11},"2":{"name":"(anonymous_2)","decl":{"start":{"line":18,"column":35},"end":{"line":18,"column":36}},"loc":{"start":{"line":18,"column":45},"end":{"line":28,"column":9}},"line":18},"3":{"name":"(anonymous_3)","decl":{"start":{"line":34,"column":24},"end":{"line":34,"column":25}},"loc":{"start":{"line":34,"column":35},"end":{"line":38,"column":1}},"line":34},"4":{"name":"(anonymous_4)","decl":{"start":{"line":40,"column":27},"end":{"line":40,"column":28}},"loc":{"start":{"line":40,"column":41},"end":{"line":44,"column":1}},"line":40}},"branchMap":{"0":{"loc":{"start":{"line":20,"column":10},"end":{"line":20,"column":76}},"type":"if","locations":[{"start":{"line":20,"column":10},"end":{"line":20,"column":76}},{"start":{"line":20,"column":10},"end":{"line":20,"column":76}}],"line":20}},"s":{"0":1,"1":2,"2":1,"3":2,"4":4,"5":4,"6":2,"7":4,"8":1,"9":0,"10":1,"11":0,"12":1},"f":{"0":2,"1":1,"2":4,"3":0,"4":0},"b":{"0":[2,2]},"_coverageSchema":"1a1c01bbd47fc00a2c39e90264f33305004495a9","hash":"68a83375b36e6f4d092a329c66c9ddb6faaae33a"}
,"D:\\OneDrive\\frontend\\packages\\aviasales\\src\\components\\Ticket\\index.js": {"path":"D:\\OneDrive\\frontend\\packages\\aviasales\\src\\components\\Ticket\\index.js","statementMap":{"0":{"start":{"line":13,"column":22},"end":{"line":64,"column":1}},"1":{"start":{"line":14,"column":24},"end":{"line":16,"column":3}},"2":{"start":{"line":15,"column":4},"end":{"line":15,"column":54}},"3":{"start":{"line":18,"column":2},"end":{"line":63,"column":4}},"4":{"start":{"line":30,"column":10},"end":{"line":59,"column":12}},"5":{"start":{"line":66,"column":0},"end":{"line":68,"column":2}}},"fnMap":{"0":{"name":"(anonymous_0)","decl":{"start":{"line":13,"column":22},"end":{"line":13,"column":23}},"loc":{"start":{"line":13,"column":38},"end":{"line":64,"column":1}},"line":13},"1":{"name":"(anonymous_1)","decl":{"start":{"line":14,"column":24},"end":{"line":14,"column":25}},"loc":{"start":{"line":14,"column":38},"end":{"line":16,"column":3}},"line":14},"2":{"name":"(anonymous_2)","decl":{"start":{"line":29,"column":28},"end":{"line":29,"column":29}},"loc":{"start":{"line":29,"column":41},"end":{"line":60,"column":9}},"line":29}},"branchMap":{},"s":{"0":1,"1":1,"2":1,"3":1,"4":2,"5":1},"f":{"0":1,"1":1,"2":2},"b":{},"_coverageSchema":"1a1c01bbd47fc00a2c39e90264f33305004495a9","hash":"f6efc8693e1a51f21945f5d5c9a35ea096928bf7"}
,"D:\\OneDrive\\frontend\\packages\\aviasales\\src\\constants\\actionTypes.js": {"path":"D:\\OneDrive\\frontend\\packages\\aviasales\\src\\constants\\actionTypes.js","statementMap":{"0":{"start":{"line":1,"column":26},"end":{"line":1,"column":38}},"1":{"start":{"line":3,"column":27},"end":{"line":3,"column":40}},"2":{"start":{"line":5,"column":28},"end":{"line":5,"column":42}},"3":{"start":{"line":7,"column":28},"end":{"line":7,"column":42}},"4":{"start":{"line":8,"column":25},"end":{"line":8,"column":36}}},"fnMap":{},"branchMap":{},"s":{"0":10,"1":10,"2":10,"3":10,"4":10},"f":{},"b":{},"_coverageSchema":"1a1c01bbd47fc00a2c39e90264f33305004495a9","hash":"af35294f4440726224c748a9a3733ff12e3fa733"}
,"D:\\OneDrive\\frontend\\packages\\aviasales\\src\\constants\\filters.js": {"path":"D:\\OneDrive\\frontend\\packages\\aviasales\\src\\constants\\filters.js","statementMap":{"0":{"start":{"line":1,"column":19},"end":{"line":5,"column":1}},"1":{"start":{"line":7,"column":28},"end":{"line":11,"column":1}},"2":{"start":{"line":10,"column":35},"end":{"line":10,"column":58}},"3":{"start":{"line":13,"column":28},"end":{"line":17,"column":1}},"4":{"start":{"line":16,"column":35},"end":{"line":16,"column":58}},"5":{"start":{"line":19,"column":29},"end":{"line":23,"column":1}},"6":{"start":{"line":22,"column":35},"end":{"line":22,"column":58}},"7":{"start":{"line":25,"column":31},"end":{"line":29,"column":1}},"8":{"start":{"line":28,"column":35},"end":{"line":28,"column":58}}},"fnMap":{"0":{"name":"(anonymous_0)","decl":{"start":{"line":10,"column":12},"end":{"line":10,"column":13}},"loc":{"start":{"line":10,"column":35},"end":{"line":10,"column":58}},"line":10},"1":{"name":"(anonymous_1)","decl":{"start":{"line":16,"column":12},"end":{"line":16,"column":13}},"loc":{"start":{"line":16,"column":35},"end":{"line":16,"column":58}},"line":16},"2":{"name":"(anonymous_2)","decl":{"start":{"line":22,"column":12},"end":{"line":22,"column":13}},"loc":{"start":{"line":22,"column":35},"end":{"line":22,"column":58}},"line":22},"3":{"name":"(anonymous_3)","decl":{"start":{"line":28,"column":12},"end":{"line":28,"column":13}},"loc":{"start":{"line":28,"column":35},"end":{"line":28,"column":58}},"line":28}},"branchMap":{},"s":{"0":3,"1":3,"2":0,"3":3,"4":0,"5":3,"6":0,"7":3,"8":0},"f":{"0":0,"1":0,"2":0,"3":0},"b":{},"_coverageSchema":"1a1c01bbd47fc00a2c39e90264f33305004495a9","hash":"4f3079c1e5702151d083a7623bef5e2b43f97184"}
,"D:\\OneDrive\\frontend\\packages\\aviasales\\src\\constants\\sorting.js": {"path":"D:\\OneDrive\\frontend\\packages\\aviasales\\src\\constants\\sorting.js","statementMap":{"0":{"start":{"line":1,"column":28},"end":{"line":5,"column":1}},"1":{"start":{"line":4,"column":38},"end":{"line":4,"column":59}},"2":{"start":{"line":7,"column":28},"end":{"line":11,"column":1}},"3":{"start":{"line":10,"column":38},"end":{"line":10,"column":59}}},"fnMap":{"0":{"name":"(anonymous_0)","decl":{"start":{"line":4,"column":12},"end":{"line":4,"column":13}},"loc":{"start":{"line":4,"column":38},"end":{"line":4,"column":59}},"line":4},"1":{"name":"(anonymous_1)","decl":{"start":{"line":10,"column":12},"end":{"line":10,"column":13}},"loc":{"start":{"line":10,"column":38},"end":{"line":10,"column":59}},"line":10}},"branchMap":{},"s":{"0":3,"1":0,"2":3,"3":0},"f":{"0":0,"1":0},"b":{},"_coverageSchema":"1a1c01bbd47fc00a2c39e90264f33305004495a9","hash":"fade9988c5bff5b5e20979661b4d900bb779bb73"}
,"D:\\OneDrive\\frontend\\packages\\aviasales\\src\\reducers\\appearanceReducer.js": {"path":"D:\\OneDrive\\frontend\\packages\\aviasales\\src\\reducers\\appearanceReducer.js","statementMap":{"0":{"start":{"line":3,"column":28},"end":{"line":6,"column":1}},"1":{"start":{"line":8,"column":26},"end":{"line":23,"column":1}},"2":{"start":{"line":9,"column":2},"end":{"line":22,"column":3}},"3":{"start":{"line":11,"column":6},"end":{"line":14,"column":8}},"4":{"start":{"line":16,"column":6},"end":{"line":19,"column":8}},"5":{"start":{"line":21,"column":6},"end":{"line":21,"column":19}}},"fnMap":{"0":{"name":"(anonymous_0)","decl":{"start":{"line":8,"column":26},"end":{"line":8,"column":27}},"loc":{"start":{"line":8,"column":60},"end":{"line":23,"column":1}},"line":8}},"branchMap":{"0":{"loc":{"start":{"line":8,"column":27},"end":{"line":8,"column":47}},"type":"default-arg","locations":[{"start":{"line":8,"column":35},"end":{"line":8,"column":47}}],"line":8},"1":{"loc":{"start":{"line":9,"column":2},"end":{"line":22,"column":3}},"type":"switch","locations":[{"start":{"line":10,"column":4},"end":{"line":14,"column":8}},{"start":{"line":15,"column":4},"end":{"line":19,"column":8}},{"start":{"line":20,"column":4},"end":{"line":21,"column":19}}],"line":9}},"s":{"0":1,"1":1,"2":3,"3":1,"4":1,"5":1},"f":{"0":3},"b":{"0":[0],"1":[1,1,1]},"_coverageSchema":"1a1c01bbd47fc00a2c39e90264f33305004495a9","hash":"41c7510f63ecf494ee13c04225ef4c1db98f5a77"}
,"D:\\OneDrive\\frontend\\packages\\aviasales\\src\\reducers\\filterReducer.js": {"path":"D:\\OneDrive\\frontend\\packages\\aviasales\\src\\reducers\\filterReducer.js","statementMap":{"0":{"start":{"line":4,"column":28},"end":{"line":4,"column":46}},"1":{"start":{"line":6,"column":22},"end":{"line":11,"column":1}},"2":{"start":{"line":7,"column":2},"end":{"line":9,"column":3}},"3":{"start":{"line":8,"column":4},"end":{"line":8,"column":44}},"4":{"start":{"line":10,"column":2},"end":{"line":10,"column":15}},"5":{"start":{"line":14,"column":2},"end":{"line":17,"column":3}},"6":{"start":{"line":15,"column":4},"end":{"line":15,"column":52}},"7":{"start":{"line":15,"column":42},"end":{"line":15,"column":52}},"8":{"start":{"line":16,"column":4},"end":{"line":16,"column":30}},"9":{"start":{"line":19,"column":20},"end":{"line":19,"column":22}},"10":{"start":{"line":20,"column":29},"end":{"line":20,"column":33}},"11":{"start":{"line":22,"column":2},"end":{"line":40,"column":3}},"12":{"start":{"line":23,"column":4},"end":{"line":23,"column":46}},"13":{"start":{"line":23,"column":37},"end":{"line":23,"column":46}},"14":{"start":{"line":25,"column":4},"end":{"line":30,"column":5}},"15":{"start":{"line":26,"column":6},"end":{"line":29,"column":7}},"16":{"start":{"line":27,"column":8},"end":{"line":27,"column":31}},"17":{"start":{"line":28,"column":8},"end":{"line":28,"column":17}},"18":{"start":{"line":32,"column":4},"end":{"line":37,"column":5}},"19":{"start":{"line":33,"column":6},"end":{"line":36,"column":7}},"20":{"start":{"line":34,"column":8},"end":{"line":34,"column":31}},"21":{"start":{"line":35,"column":8},"end":{"line":35,"column":17}},"22":{"start":{"line":39,"column":4},"end":{"line":39,"column":33}},"23":{"start":{"line":42,"column":2},"end":{"line":42,"column":54}},"24":{"start":{"line":42,"column":28},"end":{"line":42,"column":54}},"25":{"start":{"line":44,"column":2},"end":{"line":44,"column":19}}},"fnMap":{"0":{"name":"(anonymous_0)","decl":{"start":{"line":6,"column":22},"end":{"line":6,"column":23}},"loc":{"start":{"line":6,"column":56},"end":{"line":11,"column":1}},"line":6},"1":{"name":"setFilter","decl":{"start":{"line":13,"column":9},"end":{"line":13,"column":18}},"loc":{"start":{"line":13,"column":42},"end":{"line":45,"column":1}},"line":13}},"branchMap":{"0":{"loc":{"start":{"line":6,"column":23},"end":{"line":6,"column":43}},"type":"default-arg","locations":[{"start":{"line":6,"column":31},"end":{"line":6,"column":43}}],"line":6},"1":{"loc":{"start":{"line":7,"column":2},"end":{"line":9,"column":3}},"type":"if","locations":[{"start":{"line":7,"column":2},"end":{"line":9,"column":3}},{"start":{"line":7,"column":2},"end":{"line":9,"column":3}}],"line":7},"2":{"loc":{"start":{"line":14,"column":2},"end":{"line":17,"column":3}},"type":"if","locations":[{"start":{"line":14,"column":2},"end":{"line":17,"column":3}},{"start":{"line":14,"column":2},"end":{"line":17,"column":3}}],"line":14},"3":{"loc":{"start":{"line":15,"column":4},"end":{"line":15,"column":52}},"type":"if","locations":[{"start":{"line":15,"column":4},"end":{"line":15,"column":52}},{"start":{"line":15,"column":4},"end":{"line":15,"column":52}}],"line":15},"4":{"loc":{"start":{"line":23,"column":4},"end":{"line":23,"column":46}},"type":"if","locations":[{"start":{"line":23,"column":4},"end":{"line":23,"column":46}},{"start":{"line":23,"column":4},"end":{"line":23,"column":46}}],"line":23},"5":{"loc":{"start":{"line":25,"column":4},"end":{"line":30,"column":5}},"type":"if","locations":[{"start":{"line":25,"column":4},"end":{"line":30,"column":5}},{"start":{"line":25,"column":4},"end":{"line":30,"column":5}}],"line":25},"6":{"loc":{"start":{"line":26,"column":6},"end":{"line":29,"column":7}},"type":"if","locations":[{"start":{"line":26,"column":6},"end":{"line":29,"column":7}},{"start":{"line":26,"column":6},"end":{"line":29,"column":7}}],"line":26},"7":{"loc":{"start":{"line":26,"column":10},"end":{"line":26,"column":68}},"type":"binary-expr","locations":[{"start":{"line":26,"column":10},"end":{"line":26,"column":42}},{"start":{"line":26,"column":46},"end":{"line":26,"column":68}}],"line":26},"8":{"loc":{"start":{"line":32,"column":4},"end":{"line":37,"column":5}},"type":"if","locations":[{"start":{"line":32,"column":4},"end":{"line":37,"column":5}},{"start":{"line":32,"column":4},"end":{"line":37,"column":5}}],"line":32},"9":{"loc":{"start":{"line":33,"column":6},"end":{"line":36,"column":7}},"type":"if","locations":[{"start":{"line":33,"column":6},"end":{"line":36,"column":7}},{"start":{"line":33,"column":6},"end":{"line":36,"column":7}}],"line":33},"10":{"loc":{"start":{"line":33,"column":10},"end":{"line":33,"column":70}},"type":"binary-expr","locations":[{"start":{"line":33,"column":10},"end":{"line":33,"column":43}},{"start":{"line":33,"column":47},"end":{"line":33,"column":70}}],"line":33},"11":{"loc":{"start":{"line":42,"column":2},"end":{"line":42,"column":54}},"type":"if","locations":[{"start":{"line":42,"column":2},"end":{"line":42,"column":54}},{"start":{"line":42,"column":2},"end":{"line":42,"column":54}}],"line":42}},"s":{"0":2,"1":2,"2":6,"3":5,"4":1,"5":5,"6":2,"7":1,"8":1,"9":3,"10":3,"11":3,"12":15,"13":3,"14":12,"15":9,"16":6,"17":6,"18":6,"19":3,"20":2,"21":2,"22":4,"23":3,"24":1,"25":2},"f":{"0":6,"1":5},"b":{"0":[0],"1":[5,1],"2":[2,3],"3":[1,1],"4":[3,12],"5":[9,3],"6":[6,3],"7":[9,6],"8":[3,3],"9":[2,1],"10":[3,2],"11":[1,2]},"_coverageSchema":"1a1c01bbd47fc00a2c39e90264f33305004495a9","hash":"45983fd225c0bc17ca513d609614d07dc223442a"}
,"D:\\OneDrive\\frontend\\packages\\aviasales\\src\\reducers\\sortingReducer.js": {"path":"D:\\OneDrive\\frontend\\packages\\aviasales\\src\\reducers\\sortingReducer.js","statementMap":{"0":{"start":{"line":4,"column":28},"end":{"line":4,"column":65}},"1":{"start":{"line":6,"column":23},"end":{"line":11,"column":1}},"2":{"start":{"line":7,"column":2},"end":{"line":9,"column":3}},"3":{"start":{"line":8,"column":4},"end":{"line":8,"column":38}},"4":{"start":{"line":10,"column":2},"end":{"line":10,"column":15}},"5":{"start":{"line":14,"column":2},"end":{"line":14,"column":19}}},"fnMap":{"0":{"name":"(anonymous_0)","decl":{"start":{"line":6,"column":23},"end":{"line":6,"column":24}},"loc":{"start":{"line":6,"column":57},"end":{"line":11,"column":1}},"line":6},"1":{"name":"setSorting","decl":{"start":{"line":13,"column":9},"end":{"line":13,"column":19}},"loc":{"start":{"line":13,"column":30},"end":{"line":15,"column":1}},"line":13}},"branchMap":{"0":{"loc":{"start":{"line":6,"column":24},"end":{"line":6,"column":44}},"type":"default-arg","locations":[{"start":{"line":6,"column":32},"end":{"line":6,"column":44}}],"line":6},"1":{"loc":{"start":{"line":7,"column":2},"end":{"line":9,"column":3}},"type":"if","locations":[{"start":{"line":7,"column":2},"end":{"line":9,"column":3}},{"start":{"line":7,"column":2},"end":{"line":9,"column":3}}],"line":7}},"s":{"0":2,"1":2,"2":2,"3":1,"4":1,"5":3},"f":{"0":2,"1":3},"b":{"0":[0],"1":[1,1]},"_coverageSchema":"1a1c01bbd47fc00a2c39e90264f33305004495a9","hash":"553effbe5419cd42034930d5907a41a189360e30"}
,"D:\\OneDrive\\frontend\\packages\\aviasales\\src\\reducers\\ticketsReducer.js": {"path":"D:\\OneDrive\\frontend\\packages\\aviasales\\src\\reducers\\ticketsReducer.js","statementMap":{"0":{"start":{"line":3,"column":28},"end":{"line":3,"column":30}},"1":{"start":{"line":5,"column":23},"end":{"line":10,"column":1}},"2":{"start":{"line":6,"column":2},"end":{"line":8,"column":3}},"3":{"start":{"line":7,"column":4},"end":{"line":7,"column":45}},"4":{"start":{"line":9,"column":2},"end":{"line":9,"column":15}},"5":{"start":{"line":13,"column":2},"end":{"line":16,"column":4}}},"fnMap":{"0":{"name":"(anonymous_0)","decl":{"start":{"line":5,"column":23},"end":{"line":5,"column":24}},"loc":{"start":{"line":5,"column":57},"end":{"line":10,"column":1}},"line":5},"1":{"name":"addTickets","decl":{"start":{"line":12,"column":9},"end":{"line":12,"column":19}},"loc":{"start":{"line":12,"column":37},"end":{"line":17,"column":1}},"line":12}},"branchMap":{"0":{"loc":{"start":{"line":5,"column":24},"end":{"line":5,"column":44}},"type":"default-arg","locations":[{"start":{"line":5,"column":32},"end":{"line":5,"column":44}}],"line":5},"1":{"loc":{"start":{"line":6,"column":2},"end":{"line":8,"column":3}},"type":"if","locations":[{"start":{"line":6,"column":2},"end":{"line":8,"column":3}},{"start":{"line":6,"column":2},"end":{"line":8,"column":3}}],"line":6}},"s":{"0":1,"1":1,"2":2,"3":1,"4":1,"5":1},"f":{"0":2,"1":1},"b":{"0":[0],"1":[1,1]},"_coverageSchema":"1a1c01bbd47fc00a2c39e90264f33305004495a9","hash":"54d6be4e5ea41e8ca5d7cf3712cfee5568e48076"}
,"D:\\OneDrive\\frontend\\packages\\aviasales\\src\\services\\aviasales.js": {"path":"D:\\OneDrive\\frontend\\packages\\aviasales\\src\\services\\aviasales.js","statementMap":{"0":{"start":{"line":5,"column":4},"end":{"line":5,"column":60}},"1":{"start":{"line":6,"column":4},"end":{"line":6,"column":31}},"2":{"start":{"line":7,"column":4},"end":{"line":7,"column":43}},"3":{"start":{"line":11,"column":21},"end":{"line":11,"column":58}},"4":{"start":{"line":12,"column":4},"end":{"line":14,"column":5}},"5":{"start":{"line":13,"column":6},"end":{"line":13,"column":24}},"6":{"start":{"line":15,"column":4},"end":{"line":15,"column":27}},"7":{"start":{"line":19,"column":21},"end":{"line":19,"column":60}},"8":{"start":{"line":20,"column":4},"end":{"line":20,"column":44}},"9":{"start":{"line":24,"column":21},"end":{"line":24,"column":77}},"10":{"start":{"line":25,"column":4},"end":{"line":25,"column":44}},"11":{"start":{"line":29,"column":4},"end":{"line":29,"column":29}},"12":{"start":{"line":33,"column":20},"end":{"line":33,"column":36}},"13":{"start":{"line":34,"column":4},"end":{"line":38,"column":7}},"14":{"start":{"line":36,"column":8},"end":{"line":36,"column":84}},"15":{"start":{"line":37,"column":6},"end":{"line":37,"column":51}},"16":{"start":{"line":39,"column":4},"end":{"line":42,"column":6}}},"fnMap":{"0":{"name":"(anonymous_0)","decl":{"start":{"line":4,"column":2},"end":{"line":4,"column":3}},"loc":{"start":{"line":4,"column":17},"end":{"line":8,"column":3}},"line":4},"1":{"name":"(anonymous_1)","decl":{"start":{"line":10,"column":2},"end":{"line":10,"column":3}},"loc":{"start":{"line":10,"column":26},"end":{"line":16,"column":3}},"line":10},"2":{"name":"(anonymous_2)","decl":{"start":{"line":18,"column":2},"end":{"line":18,"column":3}},"loc":{"start":{"line":18,"column":23},"end":{"line":21,"column":3}},"line":18},"3":{"name":"(anonymous_3)","decl":{"start":{"line":23,"column":2},"end":{"line":23,"column":3}},"loc":{"start":{"line":23,"column":30},"end":{"line":26,"column":3}},"line":23},"4":{"name":"(anonymous_4)","decl":{"start":{"line":28,"column":2},"end":{"line":28,"column":3}},"loc":{"start":{"line":28,"column":31},"end":{"line":30,"column":3}},"line":28},"5":{"name":"(anonymous_5)","decl":{"start":{"line":32,"column":2},"end":{"line":32,"column":3}},"loc":{"start":{"line":32,"column":31},"end":{"line":43,"column":3}},"line":32},"6":{"name":"(anonymous_6)","decl":{"start":{"line":34,"column":16},"end":{"line":34,"column":17}},"loc":{"start":{"line":34,"column":28},"end":{"line":38,"column":5}},"line":34}},"branchMap":{"0":{"loc":{"start":{"line":12,"column":4},"end":{"line":14,"column":5}},"type":"if","locations":[{"start":{"line":12,"column":4},"end":{"line":14,"column":5}},{"start":{"line":12,"column":4},"end":{"line":14,"column":5}}],"line":12}},"s":{"0":3,"1":3,"2":3,"3":3,"4":3,"5":1,"6":2,"7":2,"8":1,"9":1,"10":1,"11":1,"12":1,"13":1,"14":0,"15":0,"16":1},"f":{"0":3,"1":3,"2":2,"3":1,"4":1,"5":1,"6":0},"b":{"0":[1,2]},"_coverageSchema":"1a1c01bbd47fc00a2c39e90264f33305004495a9","hash":"ed53ca562fcdcf258897ed4e0915f41612a492b4"}
,"D:\\OneDrive\\frontend\\packages\\aviasales\\src\\utils\\formatNumber.js": {"path":"D:\\OneDrive\\frontend\\packages\\aviasales\\src\\utils\\formatNumber.js","statementMap":{"0":{"start":{"line":1,"column":21},"end":{"line":11,"column":1}},"1":{"start":{"line":2,"column":14},"end":{"line":2,"column":28}},"2":{"start":{"line":3,"column":15},"end":{"line":3,"column":17}},"3":{"start":{"line":4,"column":16},"end":{"line":4,"column":17}},"4":{"start":{"line":5,"column":2},"end":{"line":9,"column":3}},"5":{"start":{"line":5,"column":15},"end":{"line":5,"column":29}},"6":{"start":{"line":6,"column":4},"end":{"line":6,"column":66}},"7":{"start":{"line":6,"column":44},"end":{"line":6,"column":66}},"8":{"start":{"line":7,"column":4},"end":{"line":7,"column":29}},"9":{"start":{"line":8,"column":4},"end":{"line":8,"column":14}},"10":{"start":{"line":10,"column":2},"end":{"line":10,"column":16}}},"fnMap":{"0":{"name":"(anonymous_0)","decl":{"start":{"line":1,"column":21},"end":{"line":1,"column":22}},"loc":{"start":{"line":1,"column":33},"end":{"line":11,"column":1}},"line":1}},"branchMap":{"0":{"loc":{"start":{"line":6,"column":4},"end":{"line":6,"column":66}},"type":"if","locations":[{"start":{"line":6,"column":4},"end":{"line":6,"column":66}},{"start":{"line":6,"column":4},"end":{"line":6,"column":66}}],"line":6},"1":{"loc":{"start":{"line":6,"column":8},"end":{"line":6,"column":42}},"type":"binary-expr","locations":[{"start":{"line":6,"column":8},"end":{"line":6,"column":25}},{"start":{"line":6,"column":29},"end":{"line":6,"column":42}}],"line":6}},"s":{"0":1,"1":1,"2":1,"3":1,"4":1,"5":1,"6":5,"7":1,"8":5,"9":5,"10":1},"f":{"0":1},"b":{"0":[1,4],"1":[5,2]},"_coverageSchema":"1a1c01bbd47fc00a2c39e90264f33305004495a9","hash":"f578d98a1a8fad349618fd88ecd5a8ab25b3d3b1"}
,"D:\\OneDrive\\frontend\\packages\\aviasales\\src\\utils\\formatters.js": {"path":"D:\\OneDrive\\frontend\\packages\\aviasales\\src\\utils\\formatters.js","statementMap":{"0":{"start":{"line":4,"column":27},"end":{"line":6,"column":1}},"1":{"start":{"line":5,"column":2},"end":{"line":5,"column":29}},"2":{"start":{"line":8,"column":32},"end":{"line":10,"column":1}},"3":{"start":{"line":9,"column":2},"end":{"line":9,"column":26}},"4":{"start":{"line":12,"column":30},"end":{"line":16,"column":1}},"5":{"start":{"line":13,"column":18},"end":{"line":13,"column":51}},"6":{"start":{"line":14,"column":2},"end":{"line":14,"column":36}},"7":{"start":{"line":15,"column":2},"end":{"line":15,"column":31}},"8":{"start":{"line":18,"column":26},"end":{"line":25,"column":1}},"9":{"start":{"line":19,"column":18},"end":{"line":23,"column":3}},"10":{"start":{"line":24,"column":2},"end":{"line":24,"column":56}},"11":{"start":{"line":27,"column":27},"end":{"line":33,"column":1}},"12":{"start":{"line":28,"column":16},"end":{"line":28,"column":41}},"13":{"start":{"line":29,"column":18},"end":{"line":29,"column":31}},"14":{"start":{"line":30,"column":2},"end":{"line":32,"column":20}},"15":{"start":{"line":35,"column":33},"end":{"line":41,"column":1}},"16":{"start":{"line":36,"column":2},"end":{"line":36,"column":54}},"17":{"start":{"line":36,"column":31},"end":{"line":36,"column":54}},"18":{"start":{"line":37,"column":19},"end":{"line":39,"column":44}},"19":{"start":{"line":40,"column":2},"end":{"line":40,"column":44}}},"fnMap":{"0":{"name":"(anonymous_0)","decl":{"start":{"line":4,"column":27},"end":{"line":4,"column":28}},"loc":{"start":{"line":4,"column":38},"end":{"line":6,"column":1}},"line":4},"1":{"name":"(anonymous_1)","decl":{"start":{"line":8,"column":32},"end":{"line":8,"column":33}},"loc":{"start":{"line":8,"column":42},"end":{"line":10,"column":1}},"line":8},"2":{"name":"(anonymous_2)","decl":{"start":{"line":12,"column":30},"end":{"line":12,"column":31}},"loc":{"start":{"line":12,"column":59},"end":{"line":16,"column":1}},"line":12},"3":{"name":"(anonymous_3)","decl":{"start":{"line":18,"column":26},"end":{"line":18,"column":27}},"loc":{"start":{"line":18,"column":36},"end":{"line":25,"column":1}},"line":18},"4":{"name":"(anonymous_4)","decl":{"start":{"line":27,"column":27},"end":{"line":27,"column":28}},"loc":{"start":{"line":27,"column":41},"end":{"line":33,"column":1}},"line":27},"5":{"name":"(anonymous_5)","decl":{"start":{"line":35,"column":33},"end":{"line":35,"column":34}},"loc":{"start":{"line":35,"column":56},"end":{"line":41,"column":1}},"line":35}},"branchMap":{"0":{"loc":{"start":{"line":30,"column":9},"end":{"line":32,"column":19}},"type":"cond-expr","locations":[{"start":{"line":31,"column":6},"end":{"line":31,"column":29}},{"start":{"line":32,"column":6},"end":{"line":32,"column":19}}],"line":30},"1":{"loc":{"start":{"line":36,"column":2},"end":{"line":36,"column":54}},"type":"if","locations":[{"start":{"line":36,"column":2},"end":{"line":36,"column":54}},{"start":{"line":36,"column":2},"end":{"line":36,"column":54}}],"line":36}},"s":{"0":1,"1":1,"2":1,"3":2,"4":1,"5":2,"6":2,"7":2,"8":1,"9":4,"10":4,"11":1,"12":2,"13":2,"14":2,"15":1,"16":2,"17":2,"18":0,"19":0},"f":{"0":1,"1":2,"2":2,"3":4,"4":2,"5":2},"b":{"0":[2,0],"1":[2,0]},"_coverageSchema":"1a1c01bbd47fc00a2c39e90264f33305004495a9","hash":"82358b8d91b81f6d4418fc5bfc19314178a34f5b"}
,"D:\\OneDrive\\frontend\\packages\\aviasales\\src\\utils\\getWordFormAfterNumber.js": {"path":"D:\\OneDrive\\frontend\\packages\\aviasales\\src\\utils\\getWordFormAfterNumber.js","statementMap":{"0":{"start":{"line":2,"column":13},"end":{"line":2,"column":35}},"1":{"start":{"line":3,"column":13},"end":{"line":3,"column":24}},"2":{"start":{"line":4,"column":2},"end":{"line":4,"column":46}},"3":{"start":{"line":4,"column":26},"end":{"line":4,"column":46}},"4":{"start":{"line":5,"column":2},"end":{"line":5,"column":44}},"5":{"start":{"line":5,"column":24},"end":{"line":5,"column":44}},"6":{"start":{"line":6,"column":2},"end":{"line":6,"column":36}},"7":{"start":{"line":6,"column":16},"end":{"line":6,"column":36}},"8":{"start":{"line":7,"column":2},"end":{"line":7,"column":22}}},"fnMap":{"0":{"name":"(anonymous_0)","decl":{"start":{"line":1,"column":15},"end":{"line":1,"column":16}},"loc":{"start":{"line":1,"column":38},"end":{"line":8,"column":1}},"line":1}},"branchMap":{"0":{"loc":{"start":{"line":4,"column":2},"end":{"line":4,"column":46}},"type":"if","locations":[{"start":{"line":4,"column":2},"end":{"line":4,"column":46}},{"start":{"line":4,"column":2},"end":{"line":4,"column":46}}],"line":4},"1":{"loc":{"start":{"line":4,"column":6},"end":{"line":4,"column":24}},"type":"binary-expr","locations":[{"start":{"line":4,"column":6},"end":{"line":4,"column":13}},{"start":{"line":4,"column":17},"end":{"line":4,"column":24}}],"line":4},"2":{"loc":{"start":{"line":5,"column":2},"end":{"line":5,"column":44}},"type":"if","locations":[{"start":{"line":5,"column":2},"end":{"line":5,"column":44}},{"start":{"line":5,"column":2},"end":{"line":5,"column":44}}],"line":5},"3":{"loc":{"start":{"line":5,"column":6},"end":{"line":5,"column":22}},"type":"binary-expr","locations":[{"start":{"line":5,"column":6},"end":{"line":5,"column":12}},{"start":{"line":5,"column":16},"end":{"line":5,"column":22}}],"line":5},"4":{"loc":{"start":{"line":6,"column":2},"end":{"line":6,"column":36}},"type":"if","locations":[{"start":{"line":6,"column":2},"end":{"line":6,"column":36}},{"start":{"line":6,"column":2},"end":{"line":6,"column":36}}],"line":6}},"s":{"0":0,"1":0,"2":0,"3":0,"4":0,"5":0,"6":0,"7":0,"8":0},"f":{"0":0},"b":{"0":[0,0],"1":[0,0],"2":[0,0],"3":[0,0],"4":[0,0]},"_coverageSchema":"1a1c01bbd47fc00a2c39e90264f33305004495a9","hash":"258e44015b9f06965b48406ce6afd3dad718274e"}
}
