TN:
SF:src\actions\appearance.js
FN:3,(anonymous_0)
FN:10,(anonymous_1)
FNF:2
FNH:2
FNDA:5,(anonymous_0)
FNDA:2,(anonymous_1)
DA:3,4
DA:4,5
DA:10,4
DA:11,2
LF:4
LH:4
BRF:0
BRH:0
end_of_record
TN:
SF:src\actions\filters.js
FN:3,(anonymous_0)
FNF:1
FNH:1
FNDA:1,(anonymous_0)
DA:3,4
DA:4,1
LF:2
LH:2
BRF:0
BRH:0
end_of_record
TN:
SF:src\actions\index.js
FNF:0
FNH:0
LF:0
LH:0
BRF:0
BRH:0
end_of_record
TN:
SF:src\actions\sorting.js
FN:3,(anonymous_0)
FNF:1
FNH:1
FNDA:1,(anonymous_0)
DA:3,4
DA:4,1
LF:2
LH:2
BRF:0
BRH:0
end_of_record
TN:
SF:src\actions\tickets.js
FN:5,(anonymous_0)
FN:12,(anonymous_1)
FN:12,(anonymous_2)
FN:18,(anonymous_3)
FNF:4
FNH:4
FNDA:1,(anonymous_0)
FNDA:2,(anonymous_1)
FNDA:2,(anonymous_2)
FNDA:1,(anonymous_3)
DA:5,3
DA:6,1
DA:12,3
DA:13,2
DA:15,2
DA:16,2
DA:18,2
DA:19,1
DA:20,1
DA:21,1
DA:22,1
DA:24,0
DA:28,2
DA:29,2
DA:30,1
DA:32,1
DA:34,2
LF:17
LH:16
BRDA:22,0,0,0
BRDA:22,0,1,1
BRF:2
BRH:1
end_of_record
TN:
SF:src\components\Filters\index.js
FN:10,(anonymous_0)
FN:11,(anonymous_1)
FN:15,(anonymous_2)
FN:24,(anonymous_3)
FN:44,(anonymous_4)
FN:50,(anonymous_5)
FNF:6
FNH:3
FNDA:1,(anonymous_0)
FNDA:5,(anonymous_1)
FNDA:0,(anonymous_2)
FNDA:5,(anonymous_3)
FNDA:0,(anonymous_4)
FNDA:0,(anonymous_5)
DA:10,1
DA:11,1
DA:12,5
DA:15,1
DA:16,0
DA:19,1
DA:25,5
DA:44,1
DA:45,0
DA:50,1
DA:51,0
DA:56,1
LF:12
LH:9
BRDA:12,0,0,5
BRDA:12,0,1,0
BRF:2
BRH:1
end_of_record
TN:
SF:src\components\Sorting\index.js
FN:10,(anonymous_0)
FN:11,(anonymous_1)
FN:18,(anonymous_2)
FN:34,(anonymous_3)
FN:40,(anonymous_4)
FNF:5
FNH:3
FNDA:2,(anonymous_0)
FNDA:1,(anonymous_1)
FNDA:4,(anonymous_2)
FNDA:0,(anonymous_3)
FNDA:0,(anonymous_4)
DA:10,1
DA:11,2
DA:12,1
DA:15,2
DA:19,4
DA:20,4
DA:21,4
DA:34,1
DA:35,0
DA:40,1
DA:41,0
DA:46,1
LF:12
LH:10
BRDA:20,0,0,2
BRDA:20,0,1,2
BRF:2
BRH:2
end_of_record
TN:
SF:src\components\Ticket\index.js
FN:13,(anonymous_0)
FN:14,(anonymous_1)
FN:29,(anonymous_2)
FNF:3
FNH:3
FNDA:1,(anonymous_0)
FNDA:1,(anonymous_1)
FNDA:2,(anonymous_2)
DA:13,1
DA:14,1
DA:15,1
DA:18,1
DA:30,2
DA:66,1
LF:6
LH:6
BRF:0
BRH:0
end_of_record
TN:
SF:src\constants\actionTypes.js
FNF:0
FNH:0
DA:1,10
DA:3,10
DA:5,10
DA:7,10
DA:8,10
LF:5
LH:5
BRF:0
BRH:0
end_of_record
TN:
SF:src\constants\filters.js
FN:10,(anonymous_0)
FN:16,(anonymous_1)
FN:22,(anonymous_2)
FN:28,(anonymous_3)
FNF:4
FNH:0
FNDA:0,(anonymous_0)
FNDA:0,(anonymous_1)
FNDA:0,(anonymous_2)
FNDA:0,(anonymous_3)
DA:1,3
DA:7,3
DA:10,0
DA:13,3
DA:16,0
DA:19,3
DA:22,0
DA:25,3
DA:28,0
LF:9
LH:5
BRF:0
BRH:0
end_of_record
TN:
SF:src\constants\sorting.js
FN:4,(anonymous_0)
FN:10,(anonymous_1)
FNF:2
FNH:0
FNDA:0,(anonymous_0)
FNDA:0,(anonymous_1)
DA:1,3
DA:4,0
DA:7,3
DA:10,0
LF:4
LH:2
BRF:0
BRH:0
end_of_record
TN:
SF:src\reducers\appearanceReducer.js
FN:8,(anonymous_0)
FNF:1
FNH:1
FNDA:3,(anonymous_0)
DA:3,1
DA:8,1
DA:9,3
DA:11,1
DA:16,1
DA:21,1
LF:6
LH:6
BRDA:8,0,0,0
BRDA:9,1,0,1
BRDA:9,1,1,1
BRDA:9,1,2,1
BRF:4
BRH:3
end_of_record
TN:
SF:src\reducers\filterReducer.js
FN:6,(anonymous_0)
FN:13,setFilter
FNF:2
FNH:2
FNDA:6,(anonymous_0)
FNDA:5,setFilter
DA:4,2
DA:6,2
DA:7,6
DA:8,5
DA:10,1
DA:14,5
DA:15,2
DA:16,1
DA:19,3
DA:20,3
DA:22,3
DA:23,15
DA:25,12
DA:26,9
DA:27,6
DA:28,6
DA:32,6
DA:33,3
DA:34,2
DA:35,2
DA:39,4
DA:42,3
DA:44,2
LF:23
LH:23
BRDA:6,0,0,0
BRDA:7,1,0,5
BRDA:7,1,1,1
BRDA:14,2,0,2
BRDA:14,2,1,3
BRDA:15,3,0,1
BRDA:15,3,1,1
BRDA:23,4,0,3
BRDA:23,4,1,12
BRDA:25,5,0,9
BRDA:25,5,1,3
BRDA:26,6,0,6
BRDA:26,6,1,3
BRDA:26,7,0,9
BRDA:26,7,1,6
BRDA:32,8,0,3
BRDA:32,8,1,3
BRDA:33,9,0,2
BRDA:33,9,1,1
BRDA:33,10,0,3
BRDA:33,10,1,2
BRDA:42,11,0,1
BRDA:42,11,1,2
BRF:23
BRH:22
end_of_record
TN:
SF:src\reducers\sortingReducer.js
FN:6,(anonymous_0)
FN:13,setSorting
FNF:2
FNH:2
FNDA:2,(anonymous_0)
FNDA:3,setSorting
DA:4,2
DA:6,2
DA:7,2
DA:8,1
DA:10,1
DA:14,3
LF:6
LH:6
BRDA:6,0,0,0
BRDA:7,1,0,1
BRDA:7,1,1,1
BRF:3
BRH:2
end_of_record
TN:
SF:src\reducers\ticketsReducer.js
FN:5,(anonymous_0)
FN:12,addTickets
FNF:2
FNH:2
FNDA:2,(anonymous_0)
FNDA:1,addTickets
DA:3,1
DA:5,1
DA:6,2
DA:7,1
DA:9,1
DA:13,1
LF:6
LH:6
BRDA:5,0,0,0
BRDA:6,1,0,1
BRDA:6,1,1,1
BRF:3
BRH:2
end_of_record
TN:
SF:src\services\aviasales.js
FN:4,(anonymous_0)
FN:10,(anonymous_1)
FN:18,(anonymous_2)
FN:23,(anonymous_3)
FN:28,(anonymous_4)
FN:32,(anonymous_5)
FN:34,(anonymous_6)
FNF:7
FNH:6
FNDA:3,(anonymous_0)
FNDA:3,(anonymous_1)
FNDA:2,(anonymous_2)
FNDA:1,(anonymous_3)
FNDA:1,(anonymous_4)
FNDA:1,(anonymous_5)
FNDA:0,(anonymous_6)
DA:5,3
DA:6,3
DA:7,3
DA:11,3
DA:12,3
DA:13,1
DA:15,2
DA:19,2
DA:20,1
DA:24,1
DA:25,1
DA:29,1
DA:33,1
DA:34,1
DA:36,0
DA:37,0
DA:39,1
LF:17
LH:15
BRDA:12,0,0,1
BRDA:12,0,1,2
BRF:2
BRH:2
end_of_record
TN:
SF:src\utils\formatNumber.js
FN:1,(anonymous_0)
FNF:1
FNH:1
FNDA:1,(anonymous_0)
DA:1,1
DA:2,1
DA:3,1
DA:4,1
DA:5,1
DA:6,5
DA:7,5
DA:8,5
DA:10,1
LF:9
LH:9
BRDA:6,0,0,1
BRDA:6,0,1,4
BRDA:6,1,0,5
BRDA:6,1,1,2
BRF:4
BRH:4
end_of_record
TN:
SF:src\utils\formatters.js
FN:4,(anonymous_0)
FN:8,(anonymous_1)
FN:12,(anonymous_2)
FN:18,(anonymous_3)
FN:27,(anonymous_4)
FN:35,(anonymous_5)
FNF:6
FNH:6
FNDA:1,(anonymous_0)
FNDA:2,(anonymous_1)
FNDA:2,(anonymous_2)
FNDA:4,(anonymous_3)
FNDA:2,(anonymous_4)
FNDA:2,(anonymous_5)
DA:4,1
DA:5,1
DA:8,1
DA:9,2
DA:12,1
DA:13,2
DA:14,2
DA:15,2
DA:18,1
DA:19,4
DA:24,4
DA:27,1
DA:28,2
DA:29,2
DA:30,2
DA:35,1
DA:36,2
DA:37,0
DA:40,0
LF:19
LH:17
BRDA:30,0,0,2
BRDA:30,0,1,0
BRDA:36,1,0,2
BRDA:36,1,1,0
BRF:4
BRH:2
end_of_record
TN:
SF:src\utils\getWordFormAfterNumber.js
FN:1,(anonymous_0)
FNF:1
FNH:0
FNDA:0,(anonymous_0)
DA:2,0
DA:3,0
DA:4,0
DA:5,0
DA:6,0
DA:7,0
LF:6
LH:0
BRDA:4,0,0,0
BRDA:4,0,1,0
BRDA:4,1,0,0
BRDA:4,1,1,0
BRDA:5,2,0,0
BRDA:5,2,1,0
BRDA:5,3,0,0
BRDA:5,3,1,0
BRDA:6,4,0,0
BRDA:6,4,1,0
BRF:10
BRH:0
end_of_record
